2022-05-28 12:31:28 -  - exec CUpdateClient::GetUpdatesList
2022-05-28 12:31:28 -  - exec CUpdateClient::CollectRequestData
2022-05-28 12:31:29 -  - LICENSE_KEY=X&lang=ru&SUPD_VER=20.600.1&VERSION=21.400.100&TYPENC=D&SUPD_STS=1&SUPD_URS=0&SUPD_DBS=MYSQL&XE=N&CLIENT_SITE=step1&CHHB=step1&CSAB=127.0.0.1&SUID=4ced994ec12404ccaed63554d2e639f6&CANGZIP=Y&CLIENT_PHPVER=7.3.33&stable=Y&mbfo=0&NGINX=Y&SMD=N&rerere=Y&bitm_main=21.400.100&bitm_abtest=21.0.0&bitm_advertising=21.100.0&bitm_b24connector=21.0.0&bitm_bitrixcloud=21.0.0&bitm_bizproc=21.200.200&bitm_bizprocdesigner=21.100.0&bitm_blog=21.200.0&bitm_calendar=21.200.0&bitm_catalog=21.200.0&bitm_clouds=21.100.0&bitm_conversion=21.0.0&bitm_currency=21.100.0&bitm_fileman=21.200.0&bitm_form=21.0.0&bitm_forum=21.100.0&bitm_highloadblock=21.100.0&bitm_iblock=21.400.100&bitm_idea=21.0.0&bitm_im=21.300.100&bitm_landing=21.300.300&bitm_learning=21.0.0&bitm_lists=21.100.0&bitm_mail=21.100.100&bitm_messageservice=21.100.0&bitm_mobileapp=21.0.50&bitm_perfmon=21.0.0&bitm_photogallery=21.0.0&bitm_pull=21.200.0&bitm_report=21.100.0&bitm_rest=21.200.0&bitm_sale=21.400.0&bitm_scale=21.0.0&bitm_search=21.0.100&bitm_security=21.0.0&bitm_sender=21.100.100&bitm_seo=21.300.0&bitm_socialnetwork=21.350.0&bitm_socialservices=21.100.0&bitm_statistic=21.0.0&bitm_storeassist=21.0.0&bitm_subscribe=21.0.0&bitm_support=21.0.0&bitm_translate=21.100.0&bitm_ui=21.300.0&bitm_vote=21.0.0&bitm_webservice=21.0.0&bitm_wiki=21.100.0&bitm_workflow=21.0.0&bitl_en=&bitl_ru=&SUPD_SRS=RU&SUPD_CMP=N&SALE_15=Y&LICENSE_SIGNED=%7Enew_license18_0_sign-N
2022-05-28 12:31:29 -  - exec CUpdateClient::GetHTTPPage
2022-05-28 12:31:30 -  - TIME GetUpdatesList(request) 0.643 sec
2022-05-28 12:31:30 -  - exec CUpdateClient::ParseServerData
2022-05-28 12:31:40 -  - exec CUpdateClient::GetUpdatesList
2022-05-28 12:31:40 -  - exec CUpdateClient::CollectRequestData
2022-05-28 12:31:40 -  - LICENSE_KEY=X&lang=ru&SUPD_VER=20.600.1&VERSION=21.400.100&TYPENC=D&SUPD_STS=1&SUPD_URS=0&SUPD_DBS=MYSQL&XE=N&CLIENT_SITE=step1&CHHB=step1&CSAB=127.0.0.1&SUID=4ced994ec12404ccaed63554d2e639f6&CANGZIP=Y&CLIENT_PHPVER=7.3.33&stable=Y&mbfo=0&NGINX=Y&SMD=N&rerere=Y&bitm_main=21.400.100&bitm_abtest=21.0.0&bitm_advertising=21.100.0&bitm_b24connector=21.0.0&bitm_bitrixcloud=21.0.0&bitm_bizproc=21.200.200&bitm_bizprocdesigner=21.100.0&bitm_blog=21.200.0&bitm_calendar=21.200.0&bitm_catalog=21.200.0&bitm_clouds=21.100.0&bitm_conversion=21.0.0&bitm_currency=21.100.0&bitm_fileman=21.200.0&bitm_form=21.0.0&bitm_forum=21.100.0&bitm_highloadblock=21.100.0&bitm_iblock=21.400.100&bitm_idea=21.0.0&bitm_im=21.300.100&bitm_landing=21.300.300&bitm_learning=21.0.0&bitm_lists=21.100.0&bitm_mail=21.100.100&bitm_messageservice=21.100.0&bitm_mobileapp=21.0.50&bitm_perfmon=21.0.0&bitm_photogallery=21.0.0&bitm_pull=21.200.0&bitm_report=21.100.0&bitm_rest=21.200.0&bitm_sale=21.400.0&bitm_scale=21.0.0&bitm_search=21.0.100&bitm_security=21.0.0&bitm_sender=21.100.100&bitm_seo=21.300.0&bitm_socialnetwork=21.350.0&bitm_socialservices=21.100.0&bitm_statistic=21.0.0&bitm_storeassist=21.0.0&bitm_subscribe=21.0.0&bitm_support=21.0.0&bitm_translate=21.100.0&bitm_ui=21.300.0&bitm_vote=21.0.0&bitm_webservice=21.0.0&bitm_wiki=21.100.0&bitm_workflow=21.0.0&bitl_en=&bitl_ru=&SUPD_SRS=RU&SUPD_CMP=N&SALE_15=Y&LICENSE_SIGNED=%7Enew_license18_0_sign-N
2022-05-28 12:31:40 -  - exec CUpdateClient::GetHTTPPage
2022-05-28 12:31:40 -  - TIME GetUpdatesList(request) 0.239 sec
2022-05-28 12:31:40 -  - exec CUpdateClient::ParseServerData
2022-05-28 12:31:44 -  - exec CUpdateClient::GetUpdatesList
2022-05-28 12:31:44 -  - exec CUpdateClient::CollectRequestData
2022-05-28 12:31:44 -  - LICENSE_KEY=X&lang=ru&SUPD_VER=20.600.1&VERSION=21.400.100&TYPENC=D&SUPD_STS=1&SUPD_URS=0&SUPD_DBS=MYSQL&XE=N&CLIENT_SITE=step1&CHHB=step1&CSAB=127.0.0.1&SUID=4ced994ec12404ccaed63554d2e639f6&CANGZIP=Y&CLIENT_PHPVER=7.3.33&stable=Y&mbfo=0&NGINX=Y&SMD=N&rerere=Y&bitm_main=21.400.100&bitm_abtest=21.0.0&bitm_advertising=21.100.0&bitm_b24connector=21.0.0&bitm_bitrixcloud=21.0.0&bitm_bizproc=21.200.200&bitm_bizprocdesigner=21.100.0&bitm_blog=21.200.0&bitm_calendar=21.200.0&bitm_catalog=21.200.0&bitm_clouds=21.100.0&bitm_conversion=21.0.0&bitm_currency=21.100.0&bitm_fileman=21.200.0&bitm_form=21.0.0&bitm_forum=21.100.0&bitm_highloadblock=21.100.0&bitm_iblock=21.400.100&bitm_idea=21.0.0&bitm_im=21.300.100&bitm_landing=21.300.300&bitm_learning=21.0.0&bitm_lists=21.100.0&bitm_mail=21.100.100&bitm_messageservice=21.100.0&bitm_mobileapp=21.0.50&bitm_perfmon=21.0.0&bitm_photogallery=21.0.0&bitm_pull=21.200.0&bitm_report=21.100.0&bitm_rest=21.200.0&bitm_sale=21.400.0&bitm_scale=21.0.0&bitm_search=21.0.100&bitm_security=21.0.0&bitm_sender=21.100.100&bitm_seo=21.300.0&bitm_socialnetwork=21.350.0&bitm_socialservices=21.100.0&bitm_statistic=21.0.0&bitm_storeassist=21.0.0&bitm_subscribe=21.0.0&bitm_support=21.0.0&bitm_translate=21.100.0&bitm_ui=21.300.0&bitm_vote=21.0.0&bitm_webservice=21.0.0&bitm_wiki=21.100.0&bitm_workflow=21.0.0&bitl_en=&bitl_ru=&SUPD_SRS=RU&SUPD_CMP=N&SALE_15=Y&LICENSE_SIGNED=%7Enew_license18_0_sign-N
2022-05-28 12:31:44 -  - exec CUpdateClient::GetHTTPPage
2022-05-28 12:31:44 -  - TIME GetUpdatesList(request) 0.248 sec
2022-05-28 12:31:44 -  - exec CUpdateClient::ParseServerData
2022-05-31 09:58:52 -  - exec CUpdateClient::GetUpdatesList
2022-05-31 09:58:52 -  - exec CUpdateClient::CollectRequestData
2022-05-31 09:58:53 -  - LICENSE_KEY=X&lang=ru&SUPD_VER=20.600.1&VERSION=21.400.100&TYPENC=D&SUPD_STS=1&SUPD_URS=0&SUPD_DBS=MYSQL&XE=N&CLIENT_SITE=step1&CHHB=step1&CSAB=127.0.0.1&SUID=4ced994ec12404ccaed63554d2e639f6&CANGZIP=Y&CLIENT_PHPVER=7.3.33&stable=Y&mbfo=0&NGINX=Y&SMD=N&rerere=Y&bitm_main=21.400.100&bitm_abtest=21.0.0&bitm_advertising=21.100.0&bitm_b24connector=21.0.0&bitm_bitrixcloud=21.0.0&bitm_bizproc=21.200.200&bitm_bizprocdesigner=21.100.0&bitm_blog=21.200.0&bitm_calendar=21.200.0&bitm_catalog=21.200.0&bitm_clouds=21.100.0&bitm_conversion=21.0.0&bitm_currency=21.100.0&bitm_fileman=21.200.0&bitm_form=21.0.0&bitm_forum=21.100.0&bitm_highloadblock=21.100.0&bitm_iblock=21.400.100&bitm_idea=21.0.0&bitm_im=21.300.100&bitm_landing=21.300.300&bitm_learning=21.0.0&bitm_lists=21.100.0&bitm_mail=21.100.100&bitm_messageservice=21.100.0&bitm_mobileapp=21.0.50&bitm_perfmon=21.0.0&bitm_photogallery=21.0.0&bitm_pull=21.200.0&bitm_report=21.100.0&bitm_rest=21.200.0&bitm_sale=21.400.0&bitm_scale=21.0.0&bitm_search=21.0.100&bitm_security=21.0.0&bitm_sender=21.100.100&bitm_seo=21.300.0&bitm_socialnetwork=21.350.0&bitm_socialservices=21.100.0&bitm_statistic=21.0.0&bitm_storeassist=21.0.0&bitm_subscribe=21.0.0&bitm_support=21.0.0&bitm_translate=21.100.0&bitm_ui=21.300.0&bitm_vote=21.0.0&bitm_webservice=21.0.0&bitm_wiki=21.100.0&bitm_workflow=21.0.0&bitl_en=&bitl_ru=&SUPD_SRS=RU&SUPD_CMP=N&SALE_15=Y&LICENSE_SIGNED=%7Enew_license18_0_sign-N
2022-05-31 09:58:53 -  - exec CUpdateClient::GetHTTPPage
2022-05-31 09:58:54 -  - TIME GetUpdatesList(request) 0.333 sec
2022-05-31 09:58:54 -  - exec CUpdateClient::ParseServerData
2022-05-31 10:02:56 -  - exec CUpdateClient::GetUpdatesList
2022-05-31 10:02:56 -  - exec CUpdateClient::CollectRequestData
2022-05-31 10:02:56 -  - LICENSE_KEY=X&lang=ru&SUPD_VER=20.600.1&VERSION=21.400.100&TYPENC=D&SUPD_STS=1&SUPD_URS=0&SUPD_DBS=MYSQL&XE=N&CLIENT_SITE=step1&CHHB=step1&CSAB=127.0.0.1&SUID=4ced994ec12404ccaed63554d2e639f6&CANGZIP=Y&CLIENT_PHPVER=7.3.33&stable=Y&mbfo=0&NGINX=Y&SMD=N&rerere=Y&bitm_main=21.400.100&bitm_abtest=21.0.0&bitm_advertising=21.100.0&bitm_b24connector=21.0.0&bitm_bitrixcloud=21.0.0&bitm_bizproc=21.200.200&bitm_bizprocdesigner=21.100.0&bitm_blog=21.200.0&bitm_calendar=21.200.0&bitm_catalog=21.200.0&bitm_clouds=21.100.0&bitm_conversion=21.0.0&bitm_currency=21.100.0&bitm_fileman=21.200.0&bitm_form=21.0.0&bitm_forum=21.100.0&bitm_highloadblock=21.100.0&bitm_iblock=21.400.100&bitm_idea=21.0.0&bitm_im=21.300.100&bitm_landing=21.300.300&bitm_learning=21.0.0&bitm_lists=21.100.0&bitm_mail=21.100.100&bitm_messageservice=21.100.0&bitm_mobileapp=21.0.50&bitm_perfmon=21.0.0&bitm_photogallery=21.0.0&bitm_pull=21.200.0&bitm_report=21.100.0&bitm_rest=21.200.0&bitm_sale=21.400.0&bitm_scale=21.0.0&bitm_search=21.0.100&bitm_security=21.0.0&bitm_sender=21.100.100&bitm_seo=21.300.0&bitm_socialnetwork=21.350.0&bitm_socialservices=21.100.0&bitm_statistic=21.0.0&bitm_storeassist=21.0.0&bitm_subscribe=21.0.0&bitm_support=21.0.0&bitm_translate=21.100.0&bitm_ui=21.300.0&bitm_vote=21.0.0&bitm_webservice=21.0.0&bitm_wiki=21.100.0&bitm_workflow=21.0.0&bitl_en=&bitl_ru=&SUPD_SRS=RU&SUPD_CMP=N&SALE_15=Y&LICENSE_SIGNED=%7Enew_license18_0_sign-N
2022-05-31 10:02:56 -  - exec CUpdateClient::GetHTTPPage
2022-05-31 10:02:57 -  - TIME GetUpdatesList(request) 0.239 sec
2022-05-31 10:02:57 -  - exec CUpdateClient::ParseServerData
2022-05-31 10:05:14 -  - exec CUpdateClient::GetUpdatesList
2022-05-31 10:05:14 -  - exec CUpdateClient::CollectRequestData
2022-05-31 10:05:14 -  - LICENSE_KEY=X&lang=ru&SUPD_VER=20.600.1&VERSION=21.400.100&TYPENC=D&SUPD_STS=1&SUPD_URS=0&SUPD_DBS=MYSQL&XE=N&CLIENT_SITE=step1&CHHB=step1&CSAB=127.0.0.1&SUID=4ced994ec12404ccaed63554d2e639f6&CANGZIP=Y&CLIENT_PHPVER=7.3.33&stable=Y&mbfo=0&NGINX=Y&SMD=N&rerere=Y&bitm_main=21.400.100&bitm_abtest=21.0.0&bitm_advertising=21.100.0&bitm_b24connector=21.0.0&bitm_bitrixcloud=21.0.0&bitm_bizproc=21.200.200&bitm_bizprocdesigner=21.100.0&bitm_blog=21.200.0&bitm_calendar=21.200.0&bitm_catalog=21.200.0&bitm_clouds=21.100.0&bitm_conversion=21.0.0&bitm_currency=21.100.0&bitm_fileman=21.200.0&bitm_form=21.0.0&bitm_forum=21.100.0&bitm_highloadblock=21.100.0&bitm_iblock=21.400.100&bitm_idea=21.0.0&bitm_im=21.300.100&bitm_landing=21.300.300&bitm_learning=21.0.0&bitm_lists=21.100.0&bitm_mail=21.100.100&bitm_messageservice=21.100.0&bitm_mobileapp=21.0.50&bitm_perfmon=21.0.0&bitm_photogallery=21.0.0&bitm_pull=21.200.0&bitm_report=21.100.0&bitm_rest=21.200.0&bitm_sale=21.400.0&bitm_scale=21.0.0&bitm_search=21.0.100&bitm_security=21.0.0&bitm_sender=21.100.100&bitm_seo=21.300.0&bitm_socialnetwork=21.350.0&bitm_socialservices=21.100.0&bitm_statistic=21.0.0&bitm_storeassist=21.0.0&bitm_subscribe=21.0.0&bitm_support=21.0.0&bitm_translate=21.100.0&bitm_ui=21.300.0&bitm_vote=21.0.0&bitm_webservice=21.0.0&bitm_wiki=21.100.0&bitm_workflow=21.0.0&bitl_en=&bitl_ru=&SUPD_SRS=RU&SUPD_CMP=N&SALE_15=Y&LICENSE_SIGNED=%7Enew_license18_0_sign-N
2022-05-31 10:05:14 -  - exec CUpdateClient::GetHTTPPage
2022-05-31 10:05:14 -  - TIME GetUpdatesList(request) 0.304 sec
2022-05-31 10:05:14 -  - exec CUpdateClient::ParseServerData
2022-05-31 10:06:17 -  - exec CUpdateClient::GetUpdatesList
2022-05-31 10:06:17 -  - exec CUpdateClient::CollectRequestData
2022-05-31 10:06:17 -  - LICENSE_KEY=X&lang=ru&SUPD_VER=20.600.1&VERSION=21.400.100&TYPENC=D&SUPD_STS=1&SUPD_URS=0&SUPD_DBS=MYSQL&XE=N&CLIENT_SITE=step1&CHHB=step1&CSAB=127.0.0.1&SUID=4ced994ec12404ccaed63554d2e639f6&CANGZIP=Y&CLIENT_PHPVER=7.3.33&stable=Y&mbfo=0&NGINX=Y&SMD=N&rerere=Y&bitm_main=21.400.100&bitm_abtest=21.0.0&bitm_advertising=21.100.0&bitm_b24connector=21.0.0&bitm_bitrixcloud=21.0.0&bitm_bizproc=21.200.200&bitm_bizprocdesigner=21.100.0&bitm_blog=21.200.0&bitm_calendar=21.200.0&bitm_catalog=21.200.0&bitm_clouds=21.100.0&bitm_conversion=21.0.0&bitm_currency=21.100.0&bitm_fileman=21.200.0&bitm_form=21.0.0&bitm_forum=21.100.0&bitm_highloadblock=21.100.0&bitm_iblock=21.400.100&bitm_idea=21.0.0&bitm_im=21.300.100&bitm_landing=21.300.300&bitm_learning=21.0.0&bitm_lists=21.100.0&bitm_mail=21.100.100&bitm_messageservice=21.100.0&bitm_mobileapp=21.0.50&bitm_perfmon=21.0.0&bitm_photogallery=21.0.0&bitm_pull=21.200.0&bitm_report=21.100.0&bitm_rest=21.200.0&bitm_sale=21.400.0&bitm_scale=21.0.0&bitm_search=21.0.100&bitm_security=21.0.0&bitm_sender=21.100.100&bitm_seo=21.300.0&bitm_socialnetwork=21.350.0&bitm_socialservices=21.100.0&bitm_statistic=21.0.0&bitm_storeassist=21.0.0&bitm_subscribe=21.0.0&bitm_support=21.0.0&bitm_translate=21.100.0&bitm_ui=21.300.0&bitm_vote=21.0.0&bitm_webservice=21.0.0&bitm_wiki=21.100.0&bitm_workflow=21.0.0&bitl_en=&bitl_ru=&SUPD_SRS=RU&SUPD_CMP=N&SALE_15=Y&LICENSE_SIGNED=%7Enew_license18_0_sign-N
2022-05-31 10:06:17 -  - exec CUpdateClient::GetHTTPPage
2022-05-31 10:06:17 -  - TIME GetUpdatesList(request) 0.278 sec
2022-05-31 10:06:17 -  - exec CUpdateClient::ParseServerData
2022-05-31 10:06:21 -  - exec CUpdateClient::UpdateUpdate
2022-05-31 10:06:21 -  - exec CUpdateClient::CollectRequestData
2022-05-31 10:06:21 -  - LICENSE_KEY=X&lang=ru&SUPD_VER=20.600.1&VERSION=21.400.100&TYPENC=D&SUPD_STS=1&SUPD_URS=0&SUPD_DBS=MYSQL&XE=N&CLIENT_SITE=step1&CHHB=step1&CSAB=127.0.0.1&SUID=4ced994ec12404ccaed63554d2e639f6&CANGZIP=Y&CLIENT_PHPVER=7.3.33&stable=Y&mbfo=0&NGINX=Y&SMD=N&rerere=Y&bitm_main=21.400.100&bitm_abtest=21.0.0&bitm_advertising=21.100.0&bitm_b24connector=21.0.0&bitm_bitrixcloud=21.0.0&bitm_bizproc=21.200.200&bitm_bizprocdesigner=21.100.0&bitm_blog=21.200.0&bitm_calendar=21.200.0&bitm_catalog=21.200.0&bitm_clouds=21.100.0&bitm_conversion=21.0.0&bitm_currency=21.100.0&bitm_fileman=21.200.0&bitm_form=21.0.0&bitm_forum=21.100.0&bitm_highloadblock=21.100.0&bitm_iblock=21.400.100&bitm_idea=21.0.0&bitm_im=21.300.100&bitm_landing=21.300.300&bitm_learning=21.0.0&bitm_lists=21.100.0&bitm_mail=21.100.100&bitm_messageservice=21.100.0&bitm_mobileapp=21.0.50&bitm_perfmon=21.0.0&bitm_photogallery=21.0.0&bitm_pull=21.200.0&bitm_report=21.100.0&bitm_rest=21.200.0&bitm_sale=21.400.0&bitm_scale=21.0.0&bitm_search=21.0.100&bitm_security=21.0.0&bitm_sender=21.100.100&bitm_seo=21.300.0&bitm_socialnetwork=21.350.0&bitm_socialservices=21.100.0&bitm_statistic=21.0.0&bitm_storeassist=21.0.0&bitm_subscribe=21.0.0&bitm_support=21.0.0&bitm_translate=21.100.0&bitm_ui=21.300.0&bitm_vote=21.0.0&bitm_webservice=21.0.0&bitm_wiki=21.100.0&bitm_workflow=21.0.0&bitl_en=&bitl_ru=&SUPD_SRS=RU&SUPD_CMP=N&SALE_15=Y&LICENSE_SIGNED=%7Enew_license18_0_sign-N&query_type=updateupdate
2022-05-31 10:06:21 -  - exec CUpdateClient::GetHTTPPage
2022-05-31 10:06:22 -  - TIME UpdateUpdate(request) 0.824 sec
2022-05-31 10:06:22 -  - exec CUpdateClient::UnGzipArchive
2022-05-31 10:06:22 -  - TIME UnGzipArchive 0.074 sec
2022-05-31 10:06:22 -  - exec CUpdateClient::ParseServerData
2022-05-31 10:06:22 - CURV - Update updated successfully!
2022-05-31 10:06:22 - UPD_SUCCESS - Update system updated
2022-05-31 10:06:23 -  - exec CUpdateClient::GetUpdatesList
2022-05-31 10:06:23 -  - exec CUpdateClient::CollectRequestData
2022-05-31 10:06:23 -  - LICENSE_KEY=X&lang=ru&SUPD_VER=21.1200.800&VERSION=21.400.100&TYPENC=D&SUPD_STS=1&SUPD_URS=0&SUPD_DBS=MYSQL&XE=N&CLIENT_SITE=step1&CHHB=step1&CSAB=127.0.0.1&SUID=4ced994ec12404ccaed63554d2e639f6&CANGZIP=Y&CLIENT_PHPVER=7.3.33&stable=Y&mbfo=0&NGINX=Y&SMD=N&rerere=Y&bitm_main=21.400.100&bitm_abtest=21.0.0&bitm_advertising=21.100.0&bitm_b24connector=21.0.0&bitm_bitrixcloud=21.0.0&bitm_bizproc=21.200.200&bitm_bizprocdesigner=21.100.0&bitm_blog=21.200.0&bitm_calendar=21.200.0&bitm_catalog=21.200.0&bitm_clouds=21.100.0&bitm_conversion=21.0.0&bitm_currency=21.100.0&bitm_fileman=21.200.0&bitm_form=21.0.0&bitm_forum=21.100.0&bitm_highloadblock=21.100.0&bitm_iblock=21.400.100&bitm_idea=21.0.0&bitm_im=21.300.100&bitm_landing=21.300.300&bitm_learning=21.0.0&bitm_lists=21.100.0&bitm_mail=21.100.100&bitm_messageservice=21.100.0&bitm_mobileapp=21.0.50&bitm_perfmon=21.0.0&bitm_photogallery=21.0.0&bitm_pull=21.200.0&bitm_report=21.100.0&bitm_rest=21.200.0&bitm_sale=21.400.0&bitm_scale=21.0.0&bitm_search=21.0.100&bitm_security=21.0.0&bitm_sender=21.100.100&bitm_seo=21.300.0&bitm_socialnetwork=21.350.0&bitm_socialservices=21.100.0&bitm_statistic=21.0.0&bitm_storeassist=21.0.0&bitm_subscribe=21.0.0&bitm_support=21.0.0&bitm_translate=21.100.0&bitm_ui=21.300.0&bitm_vote=21.0.0&bitm_webservice=21.0.0&bitm_wiki=21.100.0&bitm_workflow=21.0.0&bitl_en=&bitl_ru=&SUPD_SRS=RU&SUPD_CMP=N&SALE_15=Y&LICENSE_SIGNED=%7Enew_license18_0_sign-N
2022-05-31 10:06:23 -  - exec CUpdateClient::GetHTTPPage
2022-05-31 10:06:24 -  - TIME GetUpdatesList(request) 0.427 sec
2022-05-31 10:06:24 -  - exec CUpdateClient::ParseServerData
2022-05-31 10:08:20 -  - exec CUpdateClient::GetUpdatesList
2022-05-31 10:08:20 -  - exec CUpdateClient::CollectRequestData
2022-05-31 10:08:20 -  - LICENSE_KEY=X&lang=ru&SUPD_VER=21.1200.800&VERSION=21.400.100&TYPENC=D&SUPD_STS=1&SUPD_URS=0&SUPD_DBS=MYSQL&XE=N&CLIENT_SITE=step1&CHHB=step1&CSAB=127.0.0.1&SUID=4ced994ec12404ccaed63554d2e639f6&CANGZIP=Y&CLIENT_PHPVER=7.4.29&stable=Y&mbfo=0&NGINX=Y&SMD=N&rerere=Y&bitm_main=21.400.100&bitm_abtest=21.0.0&bitm_advertising=21.100.0&bitm_b24connector=21.0.0&bitm_bitrixcloud=21.0.0&bitm_bizproc=21.200.200&bitm_bizprocdesigner=21.100.0&bitm_blog=21.200.0&bitm_calendar=21.200.0&bitm_catalog=21.200.0&bitm_clouds=21.100.0&bitm_conversion=21.0.0&bitm_currency=21.100.0&bitm_fileman=21.200.0&bitm_form=21.0.0&bitm_forum=21.100.0&bitm_highloadblock=21.100.0&bitm_iblock=21.400.100&bitm_idea=21.0.0&bitm_im=21.300.100&bitm_landing=21.300.300&bitm_learning=21.0.0&bitm_lists=21.100.0&bitm_mail=21.100.100&bitm_messageservice=21.100.0&bitm_mobileapp=21.0.50&bitm_perfmon=21.0.0&bitm_photogallery=21.0.0&bitm_pull=21.200.0&bitm_report=21.100.0&bitm_rest=21.200.0&bitm_sale=21.400.0&bitm_scale=21.0.0&bitm_search=21.0.100&bitm_security=21.0.0&bitm_sender=21.100.100&bitm_seo=21.300.0&bitm_socialnetwork=21.350.0&bitm_socialservices=21.100.0&bitm_statistic=21.0.0&bitm_storeassist=21.0.0&bitm_subscribe=21.0.0&bitm_support=21.0.0&bitm_translate=21.100.0&bitm_ui=21.300.0&bitm_vote=21.0.0&bitm_webservice=21.0.0&bitm_wiki=21.100.0&bitm_workflow=21.0.0&bitl_en=&bitl_ru=&SUPD_SRS=RU&SUPD_CMP=N&SALE_15=Y&LICENSE_SIGNED=%7Enew_license18_0_sign-N
2022-05-31 10:08:20 -  - exec CUpdateClient::GetHTTPPage
2022-05-31 10:08:20 -  - TIME GetUpdatesList(request) 0.518 sec
2022-05-31 10:08:20 -  - exec CUpdateClient::ParseServerData
2022-05-31 10:08:59 -  - exec CUpdateClient::GetUpdatesList
2022-05-31 10:08:59 -  - exec CUpdateClient::CollectRequestData
2022-05-31 10:08:59 -  - LICENSE_KEY=X&lang=ru&SUPD_VER=21.1200.800&VERSION=21.400.100&TYPENC=D&SUPD_STS=1&SUPD_URS=0&SUPD_DBS=MYSQL&XE=N&CLIENT_SITE=step1&CHHB=step1&CSAB=127.0.0.1&SUID=4ced994ec12404ccaed63554d2e639f6&CANGZIP=Y&CLIENT_PHPVER=7.4.29&stable=Y&mbfo=0&NGINX=Y&SMD=N&rerere=Y&bitm_main=21.400.100&bitm_abtest=21.0.0&bitm_advertising=21.100.0&bitm_b24connector=21.0.0&bitm_bitrixcloud=21.0.0&bitm_bizproc=21.200.200&bitm_bizprocdesigner=21.100.0&bitm_blog=21.200.0&bitm_calendar=21.200.0&bitm_catalog=21.200.0&bitm_clouds=21.100.0&bitm_conversion=21.0.0&bitm_currency=21.100.0&bitm_fileman=21.200.0&bitm_form=21.0.0&bitm_forum=21.100.0&bitm_highloadblock=21.100.0&bitm_iblock=21.400.100&bitm_idea=21.0.0&bitm_im=21.300.100&bitm_landing=21.300.300&bitm_learning=21.0.0&bitm_lists=21.100.0&bitm_mail=21.100.100&bitm_messageservice=21.100.0&bitm_mobileapp=21.0.50&bitm_perfmon=21.0.0&bitm_photogallery=21.0.0&bitm_pull=21.200.0&bitm_report=21.100.0&bitm_rest=21.200.0&bitm_sale=21.400.0&bitm_scale=21.0.0&bitm_search=21.0.100&bitm_security=21.0.0&bitm_sender=21.100.100&bitm_seo=21.300.0&bitm_socialnetwork=21.350.0&bitm_socialservices=21.100.0&bitm_statistic=21.0.0&bitm_storeassist=21.0.0&bitm_subscribe=21.0.0&bitm_support=21.0.0&bitm_translate=21.100.0&bitm_ui=21.300.0&bitm_vote=21.0.0&bitm_webservice=21.0.0&bitm_wiki=21.100.0&bitm_workflow=21.0.0&bitl_en=&bitl_ru=&SUPD_SRS=RU&SUPD_CMP=N&SALE_15=Y&LICENSE_SIGNED=%7Enew_license18_0_sign-N
2022-05-31 10:08:59 -  - exec CUpdateClient::GetHTTPPage
2022-05-31 10:09:00 -  - TIME GetUpdatesList(request) 0.408 sec
2022-05-31 10:09:00 -  - exec CUpdateClient::ParseServerData
2022-05-31 10:09:16 -  - exec CUpdateClient::GetUpdatesList
2022-05-31 10:09:16 -  - exec CUpdateClient::CollectRequestData
2022-05-31 10:09:16 -  - LICENSE_KEY=X&lang=ru&SUPD_VER=21.1200.800&VERSION=21.400.100&TYPENC=D&SUPD_STS=1&SUPD_URS=0&SUPD_DBS=MYSQL&XE=N&CLIENT_SITE=step1&CHHB=step1&CSAB=127.0.0.1&SUID=4ced994ec12404ccaed63554d2e639f6&CANGZIP=Y&CLIENT_PHPVER=7.4.29&stable=Y&mbfo=0&NGINX=Y&SMD=N&rerere=Y&bitm_main=21.400.100&bitm_abtest=21.0.0&bitm_advertising=21.100.0&bitm_b24connector=21.0.0&bitm_bitrixcloud=21.0.0&bitm_bizproc=21.200.200&bitm_bizprocdesigner=21.100.0&bitm_blog=21.200.0&bitm_calendar=21.200.0&bitm_catalog=21.200.0&bitm_clouds=21.100.0&bitm_conversion=21.0.0&bitm_currency=21.100.0&bitm_fileman=21.200.0&bitm_form=21.0.0&bitm_forum=21.100.0&bitm_highloadblock=21.100.0&bitm_iblock=21.400.100&bitm_idea=21.0.0&bitm_im=21.300.100&bitm_landing=21.300.300&bitm_learning=21.0.0&bitm_lists=21.100.0&bitm_mail=21.100.100&bitm_messageservice=21.100.0&bitm_mobileapp=21.0.50&bitm_perfmon=21.0.0&bitm_photogallery=21.0.0&bitm_pull=21.200.0&bitm_report=21.100.0&bitm_rest=21.200.0&bitm_sale=21.400.0&bitm_scale=21.0.0&bitm_search=21.0.100&bitm_security=21.0.0&bitm_sender=21.100.100&bitm_seo=21.300.0&bitm_socialnetwork=21.350.0&bitm_socialservices=21.100.0&bitm_statistic=21.0.0&bitm_storeassist=21.0.0&bitm_subscribe=21.0.0&bitm_support=21.0.0&bitm_translate=21.100.0&bitm_ui=21.300.0&bitm_vote=21.0.0&bitm_webservice=21.0.0&bitm_wiki=21.100.0&bitm_workflow=21.0.0&bitl_en=&bitl_ru=&SUPD_SRS=RU&SUPD_CMP=N&SALE_15=Y&LICENSE_SIGNED=%7Enew_license18_0_sign-N
2022-05-31 10:09:16 -  - exec CUpdateClient::GetHTTPPage
2022-05-31 10:09:16 -  - TIME GetUpdatesList(request) 0.382 sec
2022-05-31 10:09:16 -  - exec CUpdateClient::ParseServerData
2022-05-31 10:21:50 -  - exec CUpdateClient::GetUpdatesList
2022-05-31 10:21:50 -  - exec CUpdateClient::CollectRequestData
2022-05-31 10:21:50 -  - LICENSE_KEY=X&lang=ru&SUPD_VER=21.1200.800&VERSION=21.400.100&TYPENC=D&SUPD_STS=1&SUPD_URS=0&SUPD_DBS=MYSQL&XE=N&CLIENT_SITE=step1&CHHB=step1&CSAB=127.0.0.1&SUID=4ced994ec12404ccaed63554d2e639f6&CANGZIP=Y&CLIENT_PHPVER=7.4.29&stable=Y&mbfo=0&NGINX=Y&SMD=N&rerere=Y&bitm_main=21.400.100&bitm_abtest=21.0.0&bitm_advertising=21.100.0&bitm_b24connector=21.0.0&bitm_bitrixcloud=21.0.0&bitm_bizproc=21.200.200&bitm_bizprocdesigner=21.100.0&bitm_blog=21.200.0&bitm_calendar=21.200.0&bitm_catalog=21.200.0&bitm_clouds=21.100.0&bitm_conversion=21.0.0&bitm_currency=21.100.0&bitm_fileman=21.200.0&bitm_form=21.0.0&bitm_forum=21.100.0&bitm_highloadblock=21.100.0&bitm_iblock=21.400.100&bitm_idea=21.0.0&bitm_im=21.300.100&bitm_landing=21.300.300&bitm_learning=21.0.0&bitm_lists=21.100.0&bitm_mail=21.100.100&bitm_messageservice=21.100.0&bitm_mobileapp=21.0.50&bitm_perfmon=21.0.0&bitm_photogallery=21.0.0&bitm_pull=21.200.0&bitm_report=21.100.0&bitm_rest=21.200.0&bitm_sale=21.400.0&bitm_scale=21.0.0&bitm_search=21.0.100&bitm_security=21.0.0&bitm_sender=21.100.100&bitm_seo=21.300.0&bitm_socialnetwork=21.350.0&bitm_socialservices=21.100.0&bitm_statistic=21.0.0&bitm_storeassist=21.0.0&bitm_subscribe=21.0.0&bitm_support=21.0.0&bitm_translate=21.100.0&bitm_ui=21.300.0&bitm_vote=21.0.0&bitm_webservice=21.0.0&bitm_wiki=21.100.0&bitm_workflow=21.0.0&bitl_en=&bitl_ru=&SUPD_SRS=RU&SUPD_CMP=N&SALE_15=Y&LICENSE_SIGNED=%7Enew_license18_0_sign-N
2022-05-31 10:21:50 -  - exec CUpdateClient::GetHTTPPage
2022-05-31 10:21:51 -  - TIME GetUpdatesList(request) 0.5 sec
2022-05-31 10:21:51 -  - exec CUpdateClient::ParseServerData
2022-05-31 10:26:21 -  - exec CUpdateClient::GetUpdatesList
2022-05-31 10:26:21 -  - exec CUpdateClient::CollectRequestData
2022-05-31 10:26:21 -  - LICENSE_KEY=X&lang=ru&SUPD_VER=21.1200.800&VERSION=21.400.100&TYPENC=D&SUPD_STS=1&SUPD_URS=0&SUPD_DBS=MYSQL&XE=N&CLIENT_SITE=step1&CHHB=step1&CSAB=127.0.0.1&SUID=4ced994ec12404ccaed63554d2e639f6&CANGZIP=Y&CLIENT_PHPVER=7.4.29&stable=Y&mbfo=0&NGINX=Y&SMD=N&rerere=Y&bitm_main=21.400.100&bitm_abtest=21.0.0&bitm_advertising=21.100.0&bitm_b24connector=21.0.0&bitm_bitrixcloud=21.0.0&bitm_bizproc=21.200.200&bitm_bizprocdesigner=21.100.0&bitm_blog=21.200.0&bitm_calendar=21.200.0&bitm_catalog=21.200.0&bitm_clouds=21.100.0&bitm_conversion=21.0.0&bitm_currency=21.100.0&bitm_fileman=21.200.0&bitm_form=21.0.0&bitm_forum=21.100.0&bitm_highloadblock=21.100.0&bitm_iblock=21.400.100&bitm_idea=21.0.0&bitm_im=21.300.100&bitm_landing=21.300.300&bitm_learning=21.0.0&bitm_lists=21.100.0&bitm_mail=21.100.100&bitm_messageservice=21.100.0&bitm_mobileapp=21.0.50&bitm_perfmon=21.0.0&bitm_photogallery=21.0.0&bitm_pull=21.200.0&bitm_report=21.100.0&bitm_rest=21.200.0&bitm_sale=21.400.0&bitm_scale=21.0.0&bitm_search=21.0.100&bitm_security=21.0.0&bitm_sender=21.100.100&bitm_seo=21.300.0&bitm_socialnetwork=21.350.0&bitm_socialservices=21.100.0&bitm_statistic=21.0.0&bitm_storeassist=21.0.0&bitm_subscribe=21.0.0&bitm_support=21.0.0&bitm_translate=21.100.0&bitm_ui=21.300.0&bitm_vote=21.0.0&bitm_webservice=21.0.0&bitm_wiki=21.100.0&bitm_workflow=21.0.0&bitl_en=&bitl_ru=&SUPD_SRS=RU&SUPD_CMP=N&SALE_15=Y&LICENSE_SIGNED=%7Enew_license18_0_sign-N
2022-05-31 10:26:21 -  - exec CUpdateClient::GetHTTPPage
2022-05-31 10:26:21 -  - TIME GetUpdatesList(request) 0.398 sec
2022-05-31 10:26:21 -  - exec CUpdateClient::ParseServerData
2022-05-31 10:26:45 -  - exec CUpdateClient::GetUpdatesList
2022-05-31 10:26:45 -  - exec CUpdateClient::CollectRequestData
2022-05-31 10:26:45 -  - LICENSE_KEY=X&lang=ru&SUPD_VER=21.1200.800&VERSION=21.400.100&TYPENC=D&SUPD_STS=1&SUPD_URS=0&SUPD_DBS=MYSQL&XE=N&CLIENT_SITE=step1&CHHB=step1&CSAB=127.0.0.1&SUID=4ced994ec12404ccaed63554d2e639f6&CANGZIP=Y&CLIENT_PHPVER=7.4.29&stable=Y&mbfo=0&NGINX=Y&SMD=N&rerere=Y&bitm_main=21.400.100&bitm_abtest=21.0.0&bitm_advertising=21.100.0&bitm_b24connector=21.0.0&bitm_bitrixcloud=21.0.0&bitm_bizproc=21.200.200&bitm_bizprocdesigner=21.100.0&bitm_blog=21.200.0&bitm_calendar=21.200.0&bitm_catalog=21.200.0&bitm_clouds=21.100.0&bitm_conversion=21.0.0&bitm_currency=21.100.0&bitm_fileman=21.200.0&bitm_form=21.0.0&bitm_forum=21.100.0&bitm_highloadblock=21.100.0&bitm_iblock=21.400.100&bitm_idea=21.0.0&bitm_im=21.300.100&bitm_landing=21.300.300&bitm_learning=21.0.0&bitm_lists=21.100.0&bitm_mail=21.100.100&bitm_messageservice=21.100.0&bitm_mobileapp=21.0.50&bitm_perfmon=21.0.0&bitm_photogallery=21.0.0&bitm_pull=21.200.0&bitm_report=21.100.0&bitm_rest=21.200.0&bitm_sale=21.400.0&bitm_scale=21.0.0&bitm_search=21.0.100&bitm_security=21.0.0&bitm_sender=21.100.100&bitm_seo=21.300.0&bitm_socialnetwork=21.350.0&bitm_socialservices=21.100.0&bitm_statistic=21.0.0&bitm_storeassist=21.0.0&bitm_subscribe=21.0.0&bitm_support=21.0.0&bitm_translate=21.100.0&bitm_ui=21.300.0&bitm_vote=21.0.0&bitm_webservice=21.0.0&bitm_wiki=21.100.0&bitm_workflow=21.0.0&bitl_en=&bitl_ru=&SUPD_SRS=RU&SUPD_CMP=N&SALE_15=Y&LICENSE_SIGNED=%7Enew_license18_0_sign-N
2022-05-31 10:26:45 -  - exec CUpdateClient::GetHTTPPage
2022-05-31 10:26:46 -  - TIME GetUpdatesList(request) 0.384 sec
2022-05-31 10:26:46 -  - exec CUpdateClient::ParseServerData
2022-05-31 10:31:55 - CRUPDCF1 - Run updater '/bitrix/updates/update_m1653982314/sprint.migration/updater3.8.4.php': CopyFiles(install/gadgets/, gadgets/)
2022-05-31 10:31:57 - CRUPDCF1 - Run updater '/bitrix/updates/update_m1653982317/sprint.migration/updater3.8.5.php': CopyFiles(install/gadgets/, gadgets/)
2022-05-31 10:32:15 - CRUPDCF1 - Run updater '/bitrix/updates/update_m1653982335/sprint.migration/updater3.12.17.php': CopyFiles(install/gadgets/, gadgets/)
