2022-May-31 10:09:31 Наличие необходимых модулей php (check_php_modules): Ok
Все необходимые модули установлены
2022-May-31 10:09:31 Обязательные параметры PHP (check_php_settings): Fail
Ошибка! Значение max_input_vars должно быть не ниже 10000. Текущее значение: 1000
2022-May-31 10:09:31 Модули веб-сервера (check_security): Ok
Конфликтов не выявлено
2022-May-31 10:09:32 Значения переменных сервера (check_server_vars): Fail
Ошибка! Текущий домен не валидный (step1). Может содержать только цифры, латинские буквы и дефис. Должен содержать точку.
2022-May-31 10:09:32 Сохранение сессии (check_session): Ok
50% done
2022-May-31 10:09:32 Сохранение сессии (check_session): Ok
Успешно
2022-May-31 10:09:32 Параметры настройки UTF (mbstring и константа BX_UTF) (check_mbstring): Ok
Правильные. Сайт работает в UTF кодировке
2022-May-31 10:09:32 Служебные скрипты в корне сайта (check_install_scripts): Ok
Отсутствуют
2022-May-31 10:09:33 Работа с сокетами (check_socket): Fail
Connection to ssl://step1:443	Fail
Socket error [0]: 

Ошибка! Не работает
2022-May-31 10:09:33 Выполнение агентов на cron (check_bx_crontab): Warning
Замечание. Агенты выполняются на хитах, рекомендуется перевести выполнение агентов на cron
2022-May-31 10:09:33 Параметры подключения к базе данных (check_dbconn_settings): Ok
Успешно
2022-May-31 10:09:34 Лишний вывод в файлах конфигурации (check_dbconn): Warning
Замечание. Не удалось проверить из-за ошибки в работе с сокетами
2022-May-31 10:09:34 Сохранение сессии без UserAgent (check_session_ua): Warning
Замечание. Не удалось проверить из-за ошибки в работе с сокетами
2022-May-31 10:09:34 Настройки сайтов (check_sites): Ok
Правильные
2022-May-31 10:09:34 Передача объектов по ссылке (check_clone): Ok
Успешно
2022-May-31 10:09:35 Размер стека и pcre.recursion_limit (check_pcre_recursion): Warning
Замечание. Не удалось проверить из-за ошибки в работе с сокетами
2022-May-31 10:09:35 Загрузка файла (check_upload): Warning
Замечание. Не удалось проверить из-за ошибки в работе с сокетами
2022-May-31 10:09:35 Загрузка файла больше 4Мб (check_upload_big): Warning
Замечание. Не удалось проверить из-за ошибки в работе с сокетами
2022-May-31 10:09:35 Загрузка файла через php://input (check_upload_raw): Warning
Замечание. Не удалось проверить из-за ошибки в работе с сокетами
2022-May-31 10:09:35 Передача POST запроса с большим числом параметров (check_post): Warning
Замечание. Не удалось проверить из-за ошибки в работе с сокетами
2022-May-31 10:09:36 Отправка почты (check_mail): Ok
Успешно
2022-May-31 10:09:37 Отправка почтового сообщения больше 64Кб (check_mail_big): Ok
Успешно
2022-May-31 10:09:37 Проверка на наличие неотправленных сообщений (check_mail_b_event): Ok
Успешно
2022-May-31 10:09:37 Внутреннее перенаправление (функция LocalRedirect) (check_localredirect): Warning
Замечание. Не удалось проверить из-за ошибки в работе с сокетами
2022-May-31 10:09:37 Фактическое ограничение памяти (check_memory_limit): Warning
Замечание. Не удалось проверить из-за ошибки в работе с сокетами
2022-May-31 10:09:38 Работа с файлами кеша (check_cache): Ok
Успешно
2022-May-31 10:09:38 Доступ к серверу обновлений (check_update): Ok
Успешно
2022-May-31 10:09:38 HTTP авторизация (check_http_auth): Warning
Замечание. Не удалось проверить из-за ошибки в работе с сокетами
2022-May-31 10:09:39 Создание и запуск файла (check_exec): Warning
Замечание. Не удалось проверить из-за ошибки в работе с сокетами
2022-May-31 10:09:39 Функция getimagesize для swf (check_getimagesize): Ok
Успешно
2022-May-31 10:09:39 Версия MySQL-сервера (check_mysql_bug_version): Ok
Успешно
2022-May-31 10:09:41 Время на БД и веб-сервере (check_mysql_time): Ok
Успешно
2022-May-31 10:09:41 Режим работы MySQL (check_mysql_mode): Ok
Успешно
2022-May-31 10:09:41 Кодировка соединения (check_mysql_connection_charset): Ok
character_set_connection=utf8, collation_connection=utf8_unicode_ci, character_set_results=utf8
Успешно
2022-May-31 10:09:41 Кодировка базы данных (check_mysql_db_charset): Ok
CHARSET=utf8, COLLATION=utf8_unicode_ci
Успешно
2022-May-31 10:09:52 Кодировки таблиц в БД (check_mysql_table_charset): Ok
46% done
2022-May-31 10:10:00 Кодировки таблиц в БД (check_mysql_table_charset): Ok
Успешно
2022-May-31 10:10:01 Структура базы данных (check_mysql_table_structure): Ok
0% done
2022-May-31 10:10:10 Структура базы данных (check_mysql_table_structure): Ok
2% done
2022-May-31 10:10:11 Структура базы данных (check_mysql_table_structure): Ok
4% done
2022-May-31 10:10:12 Структура базы данных (check_mysql_table_structure): Ok
6% done
2022-May-31 10:10:19 Структура базы данных (check_mysql_table_structure): Ok
8% done
2022-May-31 10:10:19 Структура базы данных (check_mysql_table_structure): Ok
10% done
2022-May-31 10:10:33 Структура базы данных (check_mysql_table_structure): Ok
12% done
2022-May-31 10:10:40 Структура базы данных (check_mysql_table_structure): Ok
14% done
2022-May-31 10:11:06 Структура базы данных (check_mysql_table_structure): Ok
16% done
2022-May-31 10:11:09 Структура базы данных (check_mysql_table_structure): Ok
18% done
2022-May-31 10:11:10 Структура базы данных (check_mysql_table_structure): Ok
20% done
2022-May-31 10:11:12 Структура базы данных (check_mysql_table_structure): Ok
22% done
2022-May-31 10:11:16 Структура базы данных (check_mysql_table_structure): Ok
24% done
2022-May-31 10:11:24 Структура базы данных (check_mysql_table_structure): Ok
26% done
2022-May-31 10:11:48 Структура базы данных (check_mysql_table_structure): Ok
28% done
2022-May-31 10:11:53 Структура базы данных (check_mysql_table_structure): Ok
30% done
2022-May-31 10:12:20 Структура базы данных (check_mysql_table_structure): Ok
32% done
2022-May-31 10:12:21 Структура базы данных (check_mysql_table_structure): Ok
34% done
2022-May-31 10:12:44 Структура базы данных (check_mysql_table_structure): Ok
36% done
2022-May-31 10:13:17 Структура базы данных (check_mysql_table_structure): Ok
38% done
2022-May-31 10:13:32 Структура базы данных (check_mysql_table_structure): Ok
40% done
2022-May-31 10:13:35 Структура базы данных (check_mysql_table_structure): Ok
42% done
2022-May-31 10:13:56 Структура базы данных (check_mysql_table_structure): Ok
44% done
